<?xml version="1.0" encoding="UTF-8"?>
<!-- Generated by org.testng.reporters.JUnitReportReporter -->
<testsuite skipped="1" hostname="Windows10-PC" name="com.livetest.HomePageTest" tests="2" failures="0" timestamp="2022-01-27T18:38:04 IST" time="29.774" errors="0">
  <testcase name="validateNewCustomerTest" time="29.774" classname="com.livetest.HomePageTest"/>
  <system-out/>
  <testcase name="validateManagerIDTest" classname="com.livetest.HomePageTest">
    <skipped/>
  </testcase> <!-- validateManagerIDTest -->
  <system-out/>
</testsuite> <!-- com.livetest.HomePageTest -->
