<?xml version="1.0" encoding="UTF-8"?>
<!-- Generated by org.testng.reporters.JUnitReportReporter -->
<testsuite skipped="0" hostname="Windows10-PC" name="com.livetest.LoginPageTest" tests="8" failures="1" timestamp="2022-01-22T22:32:49 IST" time="48.425" errors="0">
  <testcase name="LogoPagelogoTest" time="1.655" classname="com.livetest.LoginPageTest">
    <failure type="java.lang.AssertionError" message="expected [false] but found [true]">
      <![CDATA[java.lang.AssertionError: expected [false] but found [true]
at org.testng.Assert.fail(Assert.java:99)
at org.testng.Assert.failNotEquals(Assert.java:1037)
at org.testng.Assert.assertFalse(Assert.java:67)
at org.testng.Assert.assertFalse(Assert.java:77)
at com.livetest.LoginPageTest.LogoPagelogoTest(LoginPageTest.java:57)
at sun.reflect.NativeMethodAccessorImpl.invoke0(Native Method)
at sun.reflect.NativeMethodAccessorImpl.invoke(Unknown Source)
at sun.reflect.DelegatingMethodAccessorImpl.invoke(Unknown Source)
at java.lang.reflect.Method.invoke(Unknown Source)
at org.testng.internal.MethodInvocationHelper.invokeMethod(MethodInvocationHelper.java:133)
at org.testng.internal.TestInvoker.invokeMethod(TestInvoker.java:598)
at org.testng.internal.TestInvoker.invokeTestMethod(TestInvoker.java:173)
at org.testng.internal.MethodRunner.runInSequence(MethodRunner.java:46)
at org.testng.internal.TestInvoker$MethodInvocationAgent.invoke(TestInvoker.java:824)
at org.testng.internal.TestInvoker.invokeTestMethods(TestInvoker.java:146)
at org.testng.internal.TestMethodWorker.invokeTestMethods(TestMethodWorker.java:146)
at org.testng.internal.TestMethodWorker.run(TestMethodWorker.java:128)
at java.util.concurrent.ThreadPoolExecutor.runWorker(Unknown Source)
at java.util.concurrent.ThreadPoolExecutor$Worker.run(Unknown Source)
at java.lang.Thread.run(Unknown Source)
]]>
    </failure>
  </testcase> <!-- LogoPagelogoTest -->
  <system-out/>
  <testcase name="LogoPageloginTest" time="9.021" classname="com.livetest.LoginPageTest"/>
  <system-out/>
  <testcase name="LogoPageloginTest" time="5.076" classname="com.livetest.LoginPageTest"/>
  <system-out/>
  <testcase name="LogoPageloginTest" time="5.373" classname="com.livetest.LoginPageTest"/>
  <system-out/>
  <testcase name="LogoPageloginTest" time="11.992" classname="com.livetest.LoginPageTest"/>
  <system-out/>
  <testcase name="LogoPageloginTest" time="4.691" classname="com.livetest.LoginPageTest"/>
  <system-out/>
  <testcase name="LogoPageloginTest" time="5.267" classname="com.livetest.LoginPageTest"/>
  <system-out/>
  <testcase name="LogoPageloginTest" time="5.350" classname="com.livetest.LoginPageTest"/>
  <system-out/>
</testsuite> <!-- com.livetest.LoginPageTest -->
