<?xml version="1.0" encoding="UTF-8"?>
<!-- Generated by org.testng.reporters.JUnitReportReporter -->
<testsuite skipped="0" hostname="Windows10-PC" name="com.livetest.LoginPageTest" tests="8" failures="2" timestamp="2022-01-22T21:13:34 IST" time="52.038" errors="0">
  <testcase name="LogoPagelogoTest" time="1.975" classname="com.livetest.LoginPageTest">
    <failure type="java.lang.AssertionError" message="expected [false] but found [true]">
      <![CDATA[java.lang.AssertionError: expected [false] but found [true]
at org.testng.Assert.fail(Assert.java:99)
at org.testng.Assert.failNotEquals(Assert.java:1037)
at org.testng.Assert.assertFalse(Assert.java:67)
at org.testng.Assert.assertFalse(Assert.java:77)
at com.livetest.LoginPageTest.LogoPagelogoTest(LoginPageTest.java:57)
at sun.reflect.NativeMethodAccessorImpl.invoke0(Native Method)
at sun.reflect.NativeMethodAccessorImpl.invoke(Unknown Source)
at sun.reflect.DelegatingMethodAccessorImpl.invoke(Unknown Source)
at java.lang.reflect.Method.invoke(Unknown Source)
at org.testng.internal.MethodInvocationHelper.invokeMethod(MethodInvocationHelper.java:133)
at org.testng.internal.TestInvoker.invokeMethod(TestInvoker.java:598)
at org.testng.internal.TestInvoker.invokeTestMethod(TestInvoker.java:173)
at org.testng.internal.MethodRunner.runInSequence(MethodRunner.java:46)
at org.testng.internal.TestInvoker$MethodInvocationAgent.invoke(TestInvoker.java:824)
at org.testng.internal.TestInvoker.invokeTestMethods(TestInvoker.java:146)
at org.testng.internal.TestMethodWorker.invokeTestMethods(TestMethodWorker.java:146)
at org.testng.internal.TestMethodWorker.run(TestMethodWorker.java:128)
at java.util.concurrent.ThreadPoolExecutor.runWorker(Unknown Source)
at java.util.concurrent.ThreadPoolExecutor$Worker.run(Unknown Source)
at java.lang.Thread.run(Unknown Source)
]]>
    </failure>
  </testcase> <!-- LogoPagelogoTest -->
  <system-out/>
  <testcase name="LogoPageloginTest" time="5.052" classname="com.livetest.LoginPageTest"/>
  <system-out/>
  <testcase name="LogoPageloginTest" time="7.390" classname="com.livetest.LoginPageTest"/>
  <system-out/>
  <testcase name="LogoPageloginTest" time="6.146" classname="com.livetest.LoginPageTest"/>
  <system-out/>
  <testcase name="LogoPageloginTest" time="10.216" classname="com.livetest.LoginPageTest">
    <failure type="java.lang.AssertionError" message="did not expect [Guru99 Bank Manager HomePage] but found [Guru99 Bank Manager HomePage]">
      <![CDATA[java.lang.AssertionError: did not expect [Guru99 Bank Manager HomePage] but found [Guru99 Bank Manager HomePage]
at org.testng.Assert.fail(Assert.java:99)
at org.testng.Assert.failEquals(Assert.java:1041)
at org.testng.Assert.assertNotEqualsImpl(Assert.java:147)
at org.testng.Assert.assertNotEquals(Assert.java:1531)
at org.testng.Assert.assertNotEquals(Assert.java:1535)
at com.livetest.LoginPageTest.LogoPageloginTest(LoginPageTest.java:72)
at sun.reflect.NativeMethodAccessorImpl.invoke0(Native Method)
at sun.reflect.NativeMethodAccessorImpl.invoke(Unknown Source)
at sun.reflect.DelegatingMethodAccessorImpl.invoke(Unknown Source)
at java.lang.reflect.Method.invoke(Unknown Source)
at org.testng.internal.MethodInvocationHelper.invokeMethod(MethodInvocationHelper.java:133)
at org.testng.internal.TestInvoker.invokeMethod(TestInvoker.java:598)
at org.testng.internal.TestInvoker.invokeTestMethod(TestInvoker.java:173)
at org.testng.internal.MethodRunner.runInSequence(MethodRunner.java:46)
at org.testng.internal.TestInvoker$MethodInvocationAgent.invoke(TestInvoker.java:824)
at org.testng.internal.TestInvoker.invokeTestMethods(TestInvoker.java:146)
at org.testng.internal.TestMethodWorker.invokeTestMethods(TestMethodWorker.java:146)
at org.testng.internal.TestMethodWorker.run(TestMethodWorker.java:128)
at java.util.concurrent.ThreadPoolExecutor.runWorker(Unknown Source)
at java.util.concurrent.ThreadPoolExecutor$Worker.run(Unknown Source)
at java.lang.Thread.run(Unknown Source)
]]>
    </failure>
  </testcase> <!-- LogoPageloginTest -->
  <system-out/>
  <testcase name="LogoPageloginTest" time="8.892" classname="com.livetest.LoginPageTest"/>
  <system-out/>
  <testcase name="LogoPageloginTest" time="5.106" classname="com.livetest.LoginPageTest"/>
  <system-out/>
  <testcase name="LogoPageloginTest" time="7.261" classname="com.livetest.LoginPageTest"/>
  <system-out/>
</testsuite> <!-- com.livetest.LoginPageTest -->
