<?xml version="1.0" encoding="UTF-8"?>
<!-- Generated by org.testng.reporters.JUnitReportReporter -->
<testsuite skipped="0" hostname="Windows10-PC" name="com.livetest.DeleteCusPageTest" tests="7" failures="0" timestamp="2022-01-27T22:59:29 IST" time="39.209" errors="0">
  <testcase name="validateDeleteNotACustomerTest" time="3.506" classname="com.livetest.DeleteCusPageTest"/>
  <system-out/>
  <testcase name="messageDisplayedTest" time="9.654" classname="com.livetest.DeleteCusPageTest"/>
  <system-out/>
  <testcase name="validateDeleteNotACustomerTest" time="5.505" classname="com.livetest.DeleteCusPageTest"/>
  <system-out/>
  <testcase name="validateDeleteNotACustomerTest" time="4.167" classname="com.livetest.DeleteCusPageTest"/>
  <system-out/>
  <testcase name="validateDeleteNotACustomerTest" time="5.548" classname="com.livetest.DeleteCusPageTest"/>
  <system-out/>
  <testcase name="validateDeleteNotACustomerTest" time="4.240" classname="com.livetest.DeleteCusPageTest"/>
  <system-out/>
  <testcase name="validateDeleteNotACustomerTest" time="6.589" classname="com.livetest.DeleteCusPageTest"/>
  <system-out/>
</testsuite> <!-- com.livetest.DeleteCusPageTest -->
