<?xml version="1.0" encoding="UTF-8"?>
<!-- Generated by org.testng.reporters.JUnitReportReporter -->
<testsuite skipped="0" hostname="Windows10-PC" name="com.livetest.HomePageTest" tests="1" failures="0" timestamp="2022-01-22T22:32:49 IST" time="0.317" errors="0">
  <testcase name="sample" time="0.317" classname="com.livetest.HomePageTest"/>
  <system-out/>
</testsuite> <!-- com.livetest.HomePageTest -->
