<?xml version="1.0" encoding="UTF-8"?>
<!-- Generated by org.testng.reporters.JUnitReportReporter -->
<testsuite skipped="0" hostname="Windows10-PC" name="com.livetest.LoginPageTest" tests="8" failures="0" timestamp="2022-01-21T23:42:44 IST" time="49.491" errors="0">
  <testcase name="LogoPagelogoTest" time="2.906" classname="com.livetest.LoginPageTest"/>
  <system-out/>
  <testcase name="LogoPageloginTest" time="11.139" classname="com.livetest.LoginPageTest"/>
  <system-out/>
  <testcase name="LogoPageloginTest" time="5.908" classname="com.livetest.LoginPageTest"/>
  <system-out/>
  <testcase name="LogoPageloginTest" time="6.201" classname="com.livetest.LoginPageTest"/>
  <system-out/>
  <testcase name="LogoPageloginTest" time="6.031" classname="com.livetest.LoginPageTest"/>
  <system-out/>
  <testcase name="LogoPageloginTest" time="6.121" classname="com.livetest.LoginPageTest"/>
  <system-out/>
  <testcase name="LogoPageloginTest" time="5.115" classname="com.livetest.LoginPageTest"/>
  <system-out/>
  <testcase name="LogoPageloginTest" time="6.070" classname="com.livetest.LoginPageTest"/>
  <system-out/>
</testsuite> <!-- com.livetest.LoginPageTest -->
